intermediates/manifest_merge_blame_file/release/manifest-merger-blame-release-report.txt
1<?xml version="1.0" encoding="utf-8"?>
2<manifest xmlns:android="http://schemas.android.com/apk/res/android"
3    package="com.altrudonationappaneke"
4    android:versionCode="1"
5    android:versionName="1.0" >
6
7    <uses-sdk
8        android:minSdkVersion="21"
8-->src\main\AndroidManifest.xml
9        android:targetSdkVersion="33" />
9-->src\main\AndroidManifest.xml
10
11    <uses-permission android:name="android.permission.INTERNET" />
11-->src\main\AndroidManifest.xml:3:5-67
11-->src\main\AndroidManifest.xml:3:22-64
12    <uses-permission android:name="android.permission.WAKE_LOCK" />
12-->[:react-native-firebase_auth] AndroidManifest.xml:8:5-68
12-->[:react-native-firebase_auth] AndroidManifest.xml:8:22-65
13    <uses-permission android:name="android.permission.ACCESS_NETWORK_STATE" /> <!-- Required by older versions of Google Play services to create IID tokens -->
13-->[:react-native-firebase_auth] AndroidManifest.xml:9:5-79
13-->[:react-native-firebase_auth] AndroidManifest.xml:9:22-76
14    <uses-permission android:name="com.google.android.c2dm.permission.RECEIVE" />
14-->[com.google.android.gms:play-services-iid:17.0.0] AndroidManifest.xml:23:5-82
14-->[com.google.android.gms:play-services-iid:17.0.0] AndroidManifest.xml:23:22-79
15    <uses-permission android:name="com.google.android.finsky.permission.BIND_GET_INSTALL_REFERRER_SERVICE" />
15-->[com.android.installreferrer:installreferrer:1.1.2] AndroidManifest.xml:9:5-110
15-->[com.android.installreferrer:installreferrer:1.1.2] AndroidManifest.xml:9:22-107
16
17    <application
17-->src\main\AndroidManifest.xml:5:5-24:19
18        android:name="com.altrudonationappaneke.MainApplication"
18-->src\main\AndroidManifest.xml:6:7-38
19        android:allowBackup="false"
19-->src\main\AndroidManifest.xml:10:7-34
20        android:appComponentFactory="androidx.core.app.CoreComponentFactory"
20-->[androidx.core:core:1.7.0] AndroidManifest.xml:24:18-86
21        android:icon="@mipmap/ic_launcher"
21-->src\main\AndroidManifest.xml:8:7-41
22        android:label="@string/app_name"
22-->src\main\AndroidManifest.xml:7:7-39
23        android:roundIcon="@mipmap/ic_launcher_round"
23-->src\main\AndroidManifest.xml:9:7-52
24        android:theme="@style/BootTheme" >
24-->src\main\AndroidManifest.xml:11:7-39
25        <activity
25-->src\main\AndroidManifest.xml:12:7-23:18
26            android:name="com.altrudonationappaneke.MainActivity"
26-->src\main\AndroidManifest.xml:13:9-37
27            android:configChanges="keyboard|keyboardHidden|orientation|screenLayout|screenSize|smallestScreenSize|uiMode"
27-->src\main\AndroidManifest.xml:15:9-118
28            android:exported="true"
28-->src\main\AndroidManifest.xml:18:9-32
29            android:label="@string/app_name"
29-->src\main\AndroidManifest.xml:14:9-41
30            android:launchMode="singleTask"
30-->src\main\AndroidManifest.xml:16:9-40
31            android:windowSoftInputMode="adjustResize" >
31-->src\main\AndroidManifest.xml:17:9-51
32            <intent-filter>
32-->src\main\AndroidManifest.xml:19:9-22:25
33                <action android:name="android.intent.action.MAIN" />
33-->src\main\AndroidManifest.xml:20:13-65
33-->src\main\AndroidManifest.xml:20:21-62
34
35                <category android:name="android.intent.category.LAUNCHER" />
35-->src\main\AndroidManifest.xml:21:13-73
35-->src\main\AndroidManifest.xml:21:23-70
36            </intent-filter>
37        </activity>
38
39        <meta-data
39-->[:react-native-firebase_app] AndroidManifest.xml:9:9-11:36
40            android:name="app_data_collection_default_enabled"
40-->[:react-native-firebase_app] AndroidManifest.xml:10:13-63
41            android:value="true" />
41-->[:react-native-firebase_app] AndroidManifest.xml:11:13-33
42
43        <service
43-->[:react-native-firebase_app] AndroidManifest.xml:13:9-21:19
44            android:name="com.google.firebase.components.ComponentDiscoveryService"
44-->[:react-native-firebase_app] AndroidManifest.xml:14:13-84
45            android:directBootAware="true"
45-->[:react-native-firebase_app] AndroidManifest.xml:15:13-43
46            android:exported="false" >
46-->[:react-native-firebase_app] AndroidManifest.xml:16:13-37
47            <meta-data
47-->[:react-native-firebase_app] AndroidManifest.xml:18:13-20:85
48                android:name="com.google.firebase.components:io.invertase.firebase.app.ReactNativeFirebaseAppRegistrar"
48-->[:react-native-firebase_app] AndroidManifest.xml:19:17-120
49                android:value="com.google.firebase.components.ComponentRegistrar" />
49-->[:react-native-firebase_app] AndroidManifest.xml:20:17-82
50            <meta-data
50-->[com.google.firebase:firebase-auth:22.1.1] AndroidManifest.xml:69:13-71:85
51                android:name="com.google.firebase.components:com.google.firebase.auth.FirebaseAuthRegistrar"
51-->[com.google.firebase:firebase-auth:22.1.1] AndroidManifest.xml:70:17-109
52                android:value="com.google.firebase.components.ComponentRegistrar" />
52-->[com.google.firebase:firebase-auth:22.1.1] AndroidManifest.xml:71:17-82
53        </service>
54
55        <provider
55-->[:react-native-firebase_app] AndroidManifest.xml:23:9-27:38
56            android:name="io.invertase.firebase.app.ReactNativeFirebaseAppInitProvider"
56-->[:react-native-firebase_app] AndroidManifest.xml:24:13-88
57            android:authorities="com.altrudonationappaneke.reactnativefirebaseappinitprovider"
57-->[:react-native-firebase_app] AndroidManifest.xml:25:13-86
58            android:exported="false"
58-->[:react-native-firebase_app] AndroidManifest.xml:26:13-37
59            android:initOrder="99" />
59-->[:react-native-firebase_app] AndroidManifest.xml:27:13-35
60        <provider
60-->[:react-native-webview] AndroidManifest.xml:8:9-16:20
61            android:name="com.reactnativecommunity.webview.RNCWebViewFileProvider"
61-->[:react-native-webview] AndroidManifest.xml:9:13-83
62            android:authorities="com.altrudonationappaneke.fileprovider"
62-->[:react-native-webview] AndroidManifest.xml:10:13-64
63            android:exported="false"
63-->[:react-native-webview] AndroidManifest.xml:11:13-37
64            android:grantUriPermissions="true" >
64-->[:react-native-webview] AndroidManifest.xml:12:13-47
65            <meta-data
65-->[:react-native-webview] AndroidManifest.xml:13:13-15:63
66                android:name="android.support.FILE_PROVIDER_PATHS"
66-->[:react-native-webview] AndroidManifest.xml:14:17-67
67                android:resource="@xml/file_provider_paths" />
67-->[:react-native-webview] AndroidManifest.xml:15:17-60
68        </provider>
69
70        <activity
70-->[com.google.android.gms:play-services-auth:20.6.0] AndroidManifest.xml:23:9-27:75
71            android:name="com.google.android.gms.auth.api.signin.internal.SignInHubActivity"
71-->[com.google.android.gms:play-services-auth:20.6.0] AndroidManifest.xml:24:13-93
72            android:excludeFromRecents="true"
72-->[com.google.android.gms:play-services-auth:20.6.0] AndroidManifest.xml:25:13-46
73            android:exported="false"
73-->[com.google.android.gms:play-services-auth:20.6.0] AndroidManifest.xml:26:13-37
74            android:theme="@android:style/Theme.Translucent.NoTitleBar" />
74-->[com.google.android.gms:play-services-auth:20.6.0] AndroidManifest.xml:27:13-72
75        <!--
76            Service handling Google Sign-In user revocation. For apps that do not integrate with
77            Google Sign-In, this service will never be started.
78        -->
79        <service
79-->[com.google.android.gms:play-services-auth:20.6.0] AndroidManifest.xml:33:9-37:51
80            android:name="com.google.android.gms.auth.api.signin.RevocationBoundService"
80-->[com.google.android.gms:play-services-auth:20.6.0] AndroidManifest.xml:34:13-89
81            android:exported="true"
81-->[com.google.android.gms:play-services-auth:20.6.0] AndroidManifest.xml:35:13-36
82            android:permission="com.google.android.gms.auth.api.signin.permission.REVOCATION_NOTIFICATION"
82-->[com.google.android.gms:play-services-auth:20.6.0] AndroidManifest.xml:36:13-107
83            android:visibleToInstantApps="true" />
83-->[com.google.android.gms:play-services-auth:20.6.0] AndroidManifest.xml:37:13-48
84
85        <activity
85-->[com.google.firebase:firebase-auth:22.1.1] AndroidManifest.xml:29:9-46:20
86            android:name="com.google.firebase.auth.internal.GenericIdpActivity"
86-->[com.google.firebase:firebase-auth:22.1.1] AndroidManifest.xml:30:13-80
87            android:excludeFromRecents="true"
87-->[com.google.firebase:firebase-auth:22.1.1] AndroidManifest.xml:31:13-46
88            android:exported="true"
88-->[com.google.firebase:firebase-auth:22.1.1] AndroidManifest.xml:32:13-36
89            android:launchMode="singleTask"
89-->[com.google.firebase:firebase-auth:22.1.1] AndroidManifest.xml:33:13-44
90            android:theme="@android:style/Theme.Translucent.NoTitleBar" >
90-->[com.google.firebase:firebase-auth:22.1.1] AndroidManifest.xml:34:13-72
91            <intent-filter>
91-->[com.google.firebase:firebase-auth:22.1.1] AndroidManifest.xml:35:13-45:29
92                <action android:name="android.intent.action.VIEW" />
92-->[com.google.firebase:firebase-auth:22.1.1] AndroidManifest.xml:36:17-69
92-->[com.google.firebase:firebase-auth:22.1.1] AndroidManifest.xml:36:25-66
93
94                <category android:name="android.intent.category.DEFAULT" />
94-->[com.google.firebase:firebase-auth:22.1.1] AndroidManifest.xml:38:17-76
94-->[com.google.firebase:firebase-auth:22.1.1] AndroidManifest.xml:38:27-73
95                <category android:name="android.intent.category.BROWSABLE" />
95-->[com.google.firebase:firebase-auth:22.1.1] AndroidManifest.xml:39:17-78
95-->[com.google.firebase:firebase-auth:22.1.1] AndroidManifest.xml:39:27-75
96
97                <data
97-->[com.google.firebase:firebase-auth:22.1.1] AndroidManifest.xml:41:17-44:51
98                    android:host="firebase.auth"
98-->[com.google.firebase:firebase-auth:22.1.1] AndroidManifest.xml:42:21-49
99                    android:path="/"
99-->[com.google.firebase:firebase-auth:22.1.1] AndroidManifest.xml:43:21-37
100                    android:scheme="genericidp" />
100-->[com.google.firebase:firebase-auth:22.1.1] AndroidManifest.xml:44:21-48
101            </intent-filter>
102        </activity>
103        <activity
103-->[com.google.firebase:firebase-auth:22.1.1] AndroidManifest.xml:47:9-64:20
104            android:name="com.google.firebase.auth.internal.RecaptchaActivity"
104-->[com.google.firebase:firebase-auth:22.1.1] AndroidManifest.xml:48:13-79
105            android:excludeFromRecents="true"
105-->[com.google.firebase:firebase-auth:22.1.1] AndroidManifest.xml:49:13-46
106            android:exported="true"
106-->[com.google.firebase:firebase-auth:22.1.1] AndroidManifest.xml:50:13-36
107            android:launchMode="singleTask"
107-->[com.google.firebase:firebase-auth:22.1.1] AndroidManifest.xml:51:13-44
108            android:theme="@android:style/Theme.Translucent.NoTitleBar" >
108-->[com.google.firebase:firebase-auth:22.1.1] AndroidManifest.xml:52:13-72
109            <intent-filter>
109-->[com.google.firebase:firebase-auth:22.1.1] AndroidManifest.xml:53:13-63:29
110                <action android:name="android.intent.action.VIEW" />
110-->[com.google.firebase:firebase-auth:22.1.1] AndroidManifest.xml:36:17-69
110-->[com.google.firebase:firebase-auth:22.1.1] AndroidManifest.xml:36:25-66
111
112                <category android:name="android.intent.category.DEFAULT" />
112-->[com.google.firebase:firebase-auth:22.1.1] AndroidManifest.xml:38:17-76
112-->[com.google.firebase:firebase-auth:22.1.1] AndroidManifest.xml:38:27-73
113                <category android:name="android.intent.category.BROWSABLE" />
113-->[com.google.firebase:firebase-auth:22.1.1] AndroidManifest.xml:39:17-78
113-->[com.google.firebase:firebase-auth:22.1.1] AndroidManifest.xml:39:27-75
114
115                <data
115-->[com.google.firebase:firebase-auth:22.1.1] AndroidManifest.xml:41:17-44:51
116                    android:host="firebase.auth"
116-->[com.google.firebase:firebase-auth:22.1.1] AndroidManifest.xml:42:21-49
117                    android:path="/"
117-->[com.google.firebase:firebase-auth:22.1.1] AndroidManifest.xml:43:21-37
118                    android:scheme="recaptcha" />
118-->[com.google.firebase:firebase-auth:22.1.1] AndroidManifest.xml:44:21-48
119            </intent-filter>
120        </activity>
121        <activity
121-->[com.google.android.gms:play-services-base:18.0.1] AndroidManifest.xml:20:9-22:45
122            android:name="com.google.android.gms.common.api.GoogleApiActivity"
122-->[com.google.android.gms:play-services-base:18.0.1] AndroidManifest.xml:20:19-85
123            android:exported="false"
123-->[com.google.android.gms:play-services-base:18.0.1] AndroidManifest.xml:22:19-43
124            android:theme="@android:style/Theme.Translucent.NoTitleBar" />
124-->[com.google.android.gms:play-services-base:18.0.1] AndroidManifest.xml:21:19-78
125
126        <provider
126-->[com.google.firebase:firebase-common:20.3.3] AndroidManifest.xml:25:9-30:39
127            android:name="com.google.firebase.provider.FirebaseInitProvider"
127-->[com.google.firebase:firebase-common:20.3.3] AndroidManifest.xml:26:13-77
128            android:authorities="com.altrudonationappaneke.firebaseinitprovider"
128-->[com.google.firebase:firebase-common:20.3.3] AndroidManifest.xml:27:13-72
129            android:directBootAware="true"
129-->[com.google.firebase:firebase-common:20.3.3] AndroidManifest.xml:28:13-43
130            android:exported="false"
130-->[com.google.firebase:firebase-common:20.3.3] AndroidManifest.xml:29:13-37
131            android:initOrder="100" />
131-->[com.google.firebase:firebase-common:20.3.3] AndroidManifest.xml:30:13-36
132
133        <meta-data
133-->[com.google.android.gms:play-services-basement:18.2.0] AndroidManifest.xml:21:9-23:69
134            android:name="com.google.android.gms.version"
134-->[com.google.android.gms:play-services-basement:18.2.0] AndroidManifest.xml:22:13-58
135            android:value="@integer/google_play_services_version" />
135-->[com.google.android.gms:play-services-basement:18.2.0] AndroidManifest.xml:23:13-66
136
137        <provider
137-->[androidx.emoji2:emoji2:1.0.0] AndroidManifest.xml:26:9-34:20
138            android:name="androidx.startup.InitializationProvider"
138-->[androidx.emoji2:emoji2:1.0.0] AndroidManifest.xml:27:13-67
139            android:authorities="com.altrudonationappaneke.androidx-startup"
139-->[androidx.emoji2:emoji2:1.0.0] AndroidManifest.xml:28:13-68
140            android:exported="false" >
140-->[androidx.emoji2:emoji2:1.0.0] AndroidManifest.xml:29:13-37
141            <meta-data
141-->[androidx.emoji2:emoji2:1.0.0] AndroidManifest.xml:31:13-33:52
142                android:name="androidx.emoji2.text.EmojiCompatInitializer"
142-->[androidx.emoji2:emoji2:1.0.0] AndroidManifest.xml:32:17-75
143                android:value="androidx.startup" />
143-->[androidx.emoji2:emoji2:1.0.0] AndroidManifest.xml:33:17-49
144            <meta-data
144-->[androidx.lifecycle:lifecycle-process:2.4.0] AndroidManifest.xml:31:13-33:52
145                android:name="androidx.lifecycle.ProcessLifecycleInitializer"
145-->[androidx.lifecycle:lifecycle-process:2.4.0] AndroidManifest.xml:32:17-78
146                android:value="androidx.startup" />
146-->[androidx.lifecycle:lifecycle-process:2.4.0] AndroidManifest.xml:33:17-49
147        </provider>
148
149        <meta-data
149-->[com.facebook.soloader:soloader:0.10.5] AndroidManifest.xml:12:9-14:37
150            android:name="com.facebook.soloader.enabled"
150-->[com.facebook.soloader:soloader:0.10.5] AndroidManifest.xml:13:13-57
151            android:value="false" />
151-->[com.facebook.soloader:soloader:0.10.5] AndroidManifest.xml:14:13-34
152    </application>
153
154</manifest>